0 verbose cli /home/userland/.nvm/versions/node/v23.9.0/bin/node /home/userland/.nvm/versions/node/v23.9.0/bin/npm
1 info using npm@10.9.2
2 info using node@v23.9.0
3 silly config load:file:/home/userland/.nvm/versions/node/v23.9.0/lib/node_modules/npm/npmrc
4 silly config load:file:/home/userland/.npmrc
5 silly config load:file:/home/userland/.nvm/versions/node/v23.9.0/etc/npmrc
6 verbose title npm uninstall solc
7 verbose argv "uninstall" "--global" "solc"
8 verbose logfile logs-max:10 dir:/home/userland/.npm/_logs/2025-03-08T07_57_41_178Z-
9 verbose logfile /home/userland/.npm/_logs/2025-03-08T07_57_41_178Z-debug-0.log
10 silly packumentCache heap:2197815296 maxSize:549453824 maxEntrySize:274726912
11 silly logfile done cleaning log files
12 silly idealTree buildDeps
13 silly reify mark retired [
13 silly reify   '/home/userland/.nvm/versions/node/v23.9.0/lib/node_modules/solc',
13 silly reify   '/home/userland/.nvm/versions/node/v23.9.0/bin/solcjs'
13 silly reify ]
14 silly reify moves {
14 silly reify   '/home/userland/.nvm/versions/node/v23.9.0/lib/node_modules/solc': '/home/userland/.nvm/versions/node/v23.9.0/lib/node_modules/.solc-9mVqDBEq',
14 silly reify   '/home/userland/.nvm/versions/node/v23.9.0/bin/solcjs': '/home/userland/.nvm/versions/node/v23.9.0/bin/.solcjs-GElexZmV'
14 silly reify }
15 silly REMOVE node_modules/solc
16 silly REMOVE node_modules/solc/node_modules/js-sha3
17 silly REMOVE node_modules/solc/node_modules/command-exists
18 silly REMOVE node_modules/solc/node_modules/memorystream
19 silly REMOVE node_modules/solc/node_modules/semver
20 silly REMOVE node_modules/solc/node_modules/tmp
21 silly REMOVE node_modules/solc/node_modules/os-tmpdir
22 silly REMOVE node_modules/solc/node_modules/follow-redirects
23 silly REMOVE node_modules/solc/node_modules/commander
24 verbose cwd /home/userland
25 verbose os Linux 5.15.148-android13-8-29539737-abS918BXXS7CXL2
26 verbose node v23.9.0
27 verbose npm  v10.9.2
28 verbose exit 0
29 info ok
